<?xml version="1.0" encoding="UTF-8"?>
<!-- Generated by org.testng.reporters.JUnitReportReporter -->
<testsuite skipped="0" hostname="DESKTOP-J9BUNEI" name="com.testcases.TestScenario1" tests="1" failures="0" timestamp="13 Nov 2019 11:13:52 GMT" time="21.970" errors="0">
  <testcase name="firstTest" time="21.970" classname="com.testcases.TestScenario1"/>
</testsuite> <!-- com.testcases.TestScenario1 -->
