<?xml version="1.0" encoding="UTF-8"?>
<!-- Generated by org.testng.reporters.JUnitReportReporter -->
<testsuite skipped="0" hostname="DESKTOP-J9BUNEI" name="com.testcases.willisICTSearchTest" tests="1" failures="0" timestamp="14 Nov 2019 09:09:54 GMT" time="23.039" errors="0">
  <testcase name="firstTest" time="23.039" classname="com.testcases.willisICTSearchTest"/>
</testsuite> <!-- com.testcases.willisICTSearchTest -->
