<?xml version="1.0" encoding="UTF-8"?>
<!-- Generated by org.testng.reporters.JUnitReportReporter -->
<testsuite skipped="0" hostname="DESKTOP-J9BUNEI" name="com.testcases.TestScenario2" tests="1" failures="0" timestamp="13 Nov 2019 20:57:04 GMT" time="24.156" errors="0">
  <testcase name="firstTest" time="24.156" classname="com.testcases.TestScenario2"/>
</testsuite> <!-- com.testcases.TestScenario2 -->
