<?xml version="1.0" encoding="UTF-8"?>
<!-- Generated by org.testng.reporters.JUnitReportReporter -->
<testsuite skipped="0" hostname="DESKTOP-J9BUNEI" name="com.testcases.TestScenarioWithLogs" tests="1" failures="0" timestamp="13 Nov 2019 01:36:55 GMT" time="18.114" errors="0">
  <testcase name="firstTest" time="18.114" classname="com.testcases.TestScenarioWithLogs"/>
</testsuite> <!-- com.testcases.TestScenarioWithLogs -->
