<?xml version="1.0" encoding="UTF-8"?>
<!-- Generated by org.testng.reporters.JUnitReportReporter -->
<testsuite skipped="0" hostname="DESKTOP-J9BUNEI" name="com.testcases.willisICTSearchTest" tests="1" failures="0" timestamp="14 Nov 2019 12:15:57 GMT" time="24.080" errors="0">
  <testcase name="firstTest" time="24.080" classname="com.testcases.willisICTSearchTest"/>
</testsuite> <!-- com.testcases.willisICTSearchTest -->
